Loaded 1974 generated modules.

--- OVERLAPS ---
android.hardware.graphics.mapper@4.0-impl-qti-display
android.hardware.health-service.qti
android.hardware.renderscript@1.0-impl
androidx.camera.extensions.impl
audioeffectservice_qti.xml
awk
boot-service.qti.xml
com.android.hardware.cas
compatibility_matrix.xml
cplay
gralloc.default
hostapd
hostapd_cli
hs20-osu-client
init.qcom.usb.sh
init.qti.display_boot.sh
init.qti.media.sh
ipacm
iw
libOmxCore
libOpenCL
libPeripheralStateUtils
lib_bt_aptx
lib_bt_ble
lib_bt_bundle
libagmclient
libagmipcservice
libar-acdb
libar-gpr
libar-gsl
libar-pal
libats
libbatching
libbatterylistener
libbundleaidl
libbundlewrapper
libcamera2ndk_vendor
libcld80211
libclearkeycasplugin
libcodec2_hidl_plugin
libdisplayconfig.qti
libdisplaydebug
libdng_sdk
libdownmix
libdownmixaidl
libdrmclearkeyplugin
libdrmutils
libdynamicsprocessingaidl
libdynproc
libeffectproxy
libeffects
libfilefinder
libfmpal
libgeofencing
libgnss
libgps.utils
libgpu_tonemapper
libgralloc.qti
libgralloccore
libgrallocutils
libhidparser
libhistogram
libipanat
libjson
libkeystore-engine-wifi-hidl
libkeystore-wifi-hidl
libldnhncr
libloc_core
liblocation_api
libloudnessenhanceraidl
liblx-ar_util
liblx-osal
libmapperutils
libmemutils
libmm-omxcore
libnbaio_mono
libnetfilter_conntrack
libnfnetlink
liboffloadhal
libpalclient
libpaleventnotifier
libpalipcservice
libpasn
libplatformconfig
libqcompostprocbundle
libqcomvisualizer
libqcomvoiceprocessing
libqdMetaData
libqdutils
libqservice
libqti-perfd-client
libqti_vndfwk_detect_vendor
libreference-ril
libreverbaidl
libreverbwrapper
libril
librilutils
librmnetctl
libsdedrm
libsdmutils
libsensorndkbridge
libsgutils2
libsndcardparser
libsoundtriggerhal.qti
libstagefrighthw
libtinycompress
libvisualizer
libvisualizeraidl
libvmmem
libvndfwk_detect_jni.qti_vendor
libvolumelistener
libwfdaac_vendor
libwifi-hal
libwifi-hal-ctrl
libwifi-hal-qcom
libwpa_client
local_time.default
logwrapper
manifest.xml
manifest_audiocorehal_default.xml
mapper.qti
nqnfcinfo
power.default
sensors.dynamic_sensor_hal
sg_write_buffer
sh
tcpdump
toolbox
toybox_vendor
vendor.qti.hardware.display.allocator-service
vendor.qti.hardware.display.demura-service
vendor.qti.hardware.display.snapalloc-impl
vendor.qti.hardware.memtrack-service
vendor.qti.qspa-service
vendor.xiaomi.hardware.displayfeature@1.0
vibrator.default
vndservice
vndservicemanager
wpa_cli
